<?xml version="1.0" encoding="utf-8"?><testsuites name="pytest tests"><testsuite name="pytest" errors="0" failures="0" skipped="0" tests="16" time="1.563" timestamp="2026-04-22T15:12:14.573891+00:00" hostname="agent-env-3c4d41bd-3a99-4dc8-8b74-ee9221040438"><testcase classname="backend.tests.test_mo_studio_api.TestRoot" name="test_root_message" time="0.257" /><testcase classname="backend.tests.test_mo_studio_api.TestContactCreatePublic" name="test_create_valid_submission_no_auth" time="0.072" /><testcase classname="backend.tests.test_mo_studio_api.TestContactCreatePublic" name="test_create_booking_prequalify_payload" time="0.050" /><testcase classname="backend.tests.test_mo_studio_api.TestContactCreatePublic" name="test_invalid_email_returns_422" time="0.056" /><testcase classname="backend.tests.test_mo_studio_api.TestContactCreatePublic" name="test_missing_required_returns_422" time="0.057" /><testcase classname="backend.tests.test_mo_studio_api.TestContactListAuth" name="test_list_without_token_returns_401" time="0.077" /><testcase classname="backend.tests.test_mo_studio_api.TestContactListAuth" name="test_list_with_wrong_token_returns_401" time="0.069" /><testcase classname="backend.tests.test_mo_studio_api.TestContactListAuth" name="test_list_with_valid_token_returns_200" time="0.155" /><testcase classname="backend.tests.test_mo_studio_api.TestContactListAuth" name="test_list_sorted_desc_by_created_at" time="0.048" /><testcase classname="backend.tests.test_mo_studio_api.TestAdminVerify" name="test_verify_without_token_returns_401" time="0.062" /><testcase classname="backend.tests.test_mo_studio_api.TestAdminVerify" name="test_verify_wrong_token_returns_401" time="0.060" /><testcase classname="backend.tests.test_mo_studio_api.TestAdminVerify" name="test_verify_correct_token_returns_200" time="0.049" /><testcase classname="backend.tests.test_mo_studio_api.TestContactDelete" name="test_delete_without_token_401" time="0.065" /><testcase classname="backend.tests.test_mo_studio_api.TestContactDelete" name="test_delete_wrong_token_401" time="0.061" /><testcase classname="backend.tests.test_mo_studio_api.TestContactDelete" name="test_delete_unknown_id_returns_404" time="0.051" /><testcase classname="backend.tests.test_mo_studio_api.TestContactDelete" name="test_create_then_delete_then_verify_removal" time="0.208" /></testsuite></testsuites>