<?xml version="1.0" encoding="utf-8"?><testsuites name="pytest tests"><testsuite name="pytest" errors="0" failures="0" skipped="0" tests="8" time="1.086" timestamp="2026-04-22T02:13:43.882041+00:00" hostname="agent-env-3c4d41bd-3a99-4dc8-8b74-ee9221040438"><testcase classname="backend.tests.test_mo_studio_api.TestRoot" name="test_root_message" time="0.230" /><testcase classname="backend.tests.test_mo_studio_api.TestContactCreate" name="test_create_valid_submission" time="0.065" /><testcase classname="backend.tests.test_mo_studio_api.TestContactCreate" name="test_create_without_optional_company" time="0.056" /><testcase classname="backend.tests.test_mo_studio_api.TestContactCreate" name="test_invalid_email_returns_422" time="0.058" /><testcase classname="backend.tests.test_mo_studio_api.TestContactCreate" name="test_missing_required_returns_422" time="0.054" /><testcase classname="backend.tests.test_mo_studio_api.TestContactCreate" name="test_empty_message_rejected" time="0.052" /><testcase classname="backend.tests.test_mo_studio_api.TestContactList" name="test_list_returns_array_no_objectid" time="0.110" /><testcase classname="backend.tests.test_mo_studio_api.TestContactList" name="test_list_sorted_desc_by_created_at" time="0.179" /></testsuite></testsuites>