<?xml version="1.0" encoding="utf-8"?><testsuites name="pytest tests"><testsuite name="pytest" errors="0" failures="0" skipped="0" tests="23" time="3.450" timestamp="2026-04-24T01:49:59.092438+00:00" hostname="agent-env-3c4d41bd-3a99-4dc8-8b74-ee9221040438"><testcase classname="backend.tests.test_reviews.TestReviewTokenCreate" name="test_requires_auth" time="0.277" /><testcase classname="backend.tests.test_reviews.TestReviewTokenCreate" name="test_wrong_token_401" time="0.053" /><testcase classname="backend.tests.test_reviews.TestReviewTokenCreate" name="test_create_ok_no_email" time="0.163" /><testcase classname="backend.tests.test_reviews.TestReviewTokenCreate" name="test_create_ok_with_email_flag_does_not_fail" time="0.055" /><testcase classname="backend.tests.test_reviews.TestReviewInvitePublic" name="test_unknown_token_404" time="0.051" /><testcase classname="backend.tests.test_reviews.TestReviewInvitePublic" name="test_fresh_token_200" time="0.105" /><testcase classname="backend.tests.test_reviews.TestReviewInvitePublic" name="test_used_token_410" time="0.154" /><testcase classname="backend.tests.test_reviews.TestReviewSubmit" name="test_submit_ok_marks_token_used" time="0.156" /><testcase classname="backend.tests.test_reviews.TestReviewSubmit" name="test_unknown_token_404" time="0.063" /><testcase classname="backend.tests.test_reviews.TestReviewSubmit" name="test_invalid_photo_400" time="0.111" /><testcase classname="backend.tests.test_reviews.TestReviewSubmit" name="test_rating_zero_rejected" time="0.112" /><testcase classname="backend.tests.test_reviews.TestReviewSubmit" name="test_rating_six_rejected" time="0.101" /><testcase classname="backend.tests.test_reviews.TestReviewSubmit" name="test_short_quote_rejected" time="0.102" /><testcase classname="backend.tests.test_reviews.TestReviewApprovalFlow" name="test_public_list_only_shows_approved" time="0.363" /><testcase classname="backend.tests.test_reviews.TestReviewApprovalFlow" name="test_patch_requires_auth" time="0.055" /><testcase classname="backend.tests.test_reviews.TestReviewApprovalFlow" name="test_patch_unknown_id_404" time="0.051" /><testcase classname="backend.tests.test_reviews.TestAdminReviewsList" name="test_requires_auth" time="0.048" /><testcase classname="backend.tests.test_reviews.TestAdminReviewsList" name="test_returns_reviews_and_tokens_with_url" time="0.109" /><testcase classname="backend.tests.test_reviews.TestDeleteAuth" name="test_delete_review_requires_auth" time="0.054" /><testcase classname="backend.tests.test_reviews.TestDeleteAuth" name="test_delete_review_unknown_404" time="0.077" /><testcase classname="backend.tests.test_reviews.TestDeleteAuth" name="test_delete_token_requires_auth" time="0.051" /><testcase classname="backend.tests.test_reviews.TestDeleteAuth" name="test_delete_token_unknown_404" time="0.061" /><testcase classname="backend.tests.test_reviews.TestRegression" name="test_contact_public_still_works" time="0.822" /></testsuite></testsuites>